<?xml version="1.0" encoding="UTF-8"?>
<!-- Generated by org.testng.reporters.JUnitReportReporter -->
<testsuite hostname="DESKTOP-PI0VSCE" failures="0" tests="1" name="testcases.Verifuloginpage" time="14.558" errors="0" timestamp="2023-10-20T13:56:47 IST" skipped="0">
  <testcase classname="testcases.Verifuloginpage" name="login" time="14.558"/>
</testsuite> <!-- testcases.Verifuloginpage -->
