<?xml version="1.0" encoding="UTF-8"?>
<!-- Generated by org.testng.reporters.JUnitReportReporter -->
<testsuite hostname="DESKTOP-PI0VSCE" failures="0" tests="1" name="testcases.VerifySignuppage" time="16.664" errors="0" timestamp="2023-10-20T13:56:47 IST" skipped="0">
  <testcase classname="testcases.VerifySignuppage" name="signup" time="16.664"/>
</testsuite> <!-- testcases.VerifySignuppage -->
